[    0.000000] Initializing cgroup subsys cpuset
[    0.000000] Initializing cgroup subsys cpu
[    0.000000] Initializing cgroup subsys cpuacct
[    0.000000] Linux version 4.4.0-66-generic (buildd@lgw01-28) (gcc version 5.4.0 20160609 (Ubuntu 5.4.0-6ubuntu1~16.04.4) ) #87-Ubuntu SMP Fri Mar 3 15:29:05 UTC 2017 (Ubuntu 4.4.0-66.87-generic 4.4.44)
[    0.000000] Command line: BOOT_IMAGE=/boot/vmlinuz-4.4.0-66-generic root=LABEL=cloudimg-rootfs ro console=tty1 console=ttyS0
[    0.000000] KERNEL supported cpus:
[    0.000000]   Intel GenuineIntel
[    0.000000]   AMD AuthenticAMD
[    0.000000]   Centaur CentaurHauls
[    0.000000] x86/fpu: xstate_offset[2]:  576, xstate_sizes[2]:  256
[    0.000000] x86/fpu: Supporting XSAVE feature 0x01: 'x87 floating point registers'
[    0.000000] x86/fpu: Supporting XSAVE feature 0x02: 'SSE registers'
[    0.000000] x86/fpu: Supporting XSAVE feature 0x04: 'AVX registers'
[    0.000000] x86/fpu: Enabled xstate features 0x7, context size is 832 bytes, using 'standard' format.
[    0.000000] x86/fpu: Using 'lazy' FPU context switches.
[    0.000000] e820: BIOS-provided physical RAM map:
[    0.000000] BIOS-e820: [mem 0x0000000000000000-0x000000000009fbff] usable
[    0.000000] BIOS-e820: [mem 0x000000000009fc00-0x000000000009ffff] reserved
[    0.000000] BIOS-e820: [mem 0x00000000000f0000-0x00000000000fffff] reserved
[    0.000000] BIOS-e820: [mem 0x0000000000100000-0x000000005ffeffff] usable
[    0.000000] BIOS-e820: [mem 0x000000005fff0000-0x000000005fffffff] ACPI data
[    0.000000] BIOS-e820: [mem 0x00000000fec00000-0x00000000fec00fff] reserved
[    0.000000] BIOS-e820: [mem 0x00000000fee00000-0x00000000fee00fff] reserved
[    0.000000] BIOS-e820: [mem 0x00000000fffc0000-0x00000000ffffffff] reserved
[    0.000000] NX (Execute Disable) protection: active
[    0.000000] SMBIOS 2.5 present.
[    0.000000] Hypervisor detected: KVM
[    0.000000] e820: last_pfn = 0x5fff0 max_arch_pfn = 0x400000000
[    0.000000] MTRR: Disabled
[    0.000000] x86/PAT: MTRRs disabled, skipping PAT initialization too.
[    0.000000] x86/PAT: Configuration [0-7]: WB  WT  UC- UC  WB  WT  UC- UC  
[    0.000000] CPU MTRRs all blank - virtualized system.
[    0.000000] found SMP MP-table at [mem 0x0009fff0-0x0009ffff] mapped at [ffff88000009fff0]
[    0.000000] Scanning 1 areas for low memory corruption
[    0.000000] RAMDISK: [mem 0x36ae8000-0x3756bfff]
[    0.000000] ACPI: Early table checksum verification disabled
[    0.000000] ACPI: RSDP 0x00000000000E0000 000024 (v02 VBOX  )
[    0.000000] ACPI: XSDT 0x000000005FFF0030 00003C (v01 VBOX   VBOXXSDT 00000001 ASL  00000061)
[    0.000000] ACPI: FACP 0x000000005FFF00F0 0000F4 (v04 VBOX   VBOXFACP 00000001 ASL  00000061)
[    0.000000] ACPI: DSDT 0x000000005FFF0470 0021C8 (v02 VBOX   VBOXBIOS 00000002 INTL 20100528)
[    0.000000] ACPI: FACS 0x000000005FFF0200 000040
[    0.000000] ACPI: FACS 0x000000005FFF0200 000040
[    0.000000] ACPI: APIC 0x000000005FFF0240 00005C (v02 VBOX   VBOXAPIC 00000001 ASL  00000061)
[    0.000000] ACPI: SSDT 0x000000005FFF02A0 0001CC (v01 VBOX   VBOXCPUT 00000002 INTL 20100528)
[    0.000000] No NUMA configuration found
[    0.000000] Faking a node at [mem 0x0000000000000000-0x000000005ffeffff]
[    0.000000] NODE_DATA(0) allocated [mem 0x5ffeb000-0x5ffeffff]
[    0.000000] kvm-clock: Using msrs 4b564d01 and 4b564d00
[    0.000000] kvm-clock: cpu 0, msr 0:5ffe3001, primary cpu clock
[    0.000000] kvm-clock: using sched offset of 3502438218 cycles
[    0.000000] clocksource: kvm-clock: mask: 0xffffffffffffffff max_cycles: 0x1cd42e4dffb, max_idle_ns: 881590591483 ns
[    0.000000] Zone ranges:
[    0.000000]   DMA      [mem 0x0000000000001000-0x0000000000ffffff]
[    0.000000]   DMA32    [mem 0x0000000001000000-0x000000005ffeffff]
[    0.000000]   Normal   empty
[    0.000000]   Device   empty
[    0.000000] Movable zone start for each node
[    0.000000] Early memory node ranges
[    0.000000]   node   0: [mem 0x0000000000001000-0x000000000009efff]
[    0.000000]   node   0: [mem 0x0000000000100000-0x000000005ffeffff]
[    0.000000] Initmem setup node 0 [mem 0x0000000000001000-0x000000005ffeffff]
[    0.000000] ACPI: PM-Timer IO Port: 0x4008
[    0.000000] IOAPIC[0]: apic_id 2, version 32, address 0xfec00000, GSI 0-23
[    0.000000] ACPI: INT_SRC_OVR (bus 0 bus_irq 0 global_irq 2 dfl dfl)
[    0.000000] ACPI: INT_SRC_OVR (bus 0 bus_irq 9 global_irq 9 high level)
[    0.000000] Using ACPI (MADT) for SMP configuration information
[    0.000000] smpboot: Allowing 2 CPUs, 0 hotplug CPUs
[    0.000000] PM: Registered nosave memory: [mem 0x00000000-0x00000fff]
[    0.000000] PM: Registered nosave memory: [mem 0x0009f000-0x0009ffff]
[    0.000000] PM: Registered nosave memory: [mem 0x000a0000-0x000effff]
[    0.000000] PM: Registered nosave memory: [mem 0x000f0000-0x000fffff]
[    0.000000] e820: [mem 0x60000000-0xfebfffff] available for PCI devices
[    0.000000] Booting paravirtualized kernel on KVM
[    0.000000] clocksource: refined-jiffies: mask: 0xffffffff max_cycles: 0xffffffff, max_idle_ns: 7645519600211568 ns
[    0.000000] setup_percpu: NR_CPUS:512 nr_cpumask_bits:512 nr_cpu_ids:2 nr_node_ids:1
[    0.000000] PERCPU: Embedded 33 pages/cpu @ffff88005fc00000 s98264 r8192 d28712 u1048576
[    0.000000] PV qspinlock hash table entries: 256 (order: 0, 4096 bytes)
[    0.000000] Built 1 zonelists in Node order, mobility grouping on.  Total pages: 386937
[    0.000000] Policy zone: DMA32
[    0.000000] Kernel command line: BOOT_IMAGE=/boot/vmlinuz-4.4.0-66-generic root=LABEL=cloudimg-rootfs ro console=tty1 console=ttyS0
[    0.000000] PID hash table entries: 4096 (order: 3, 32768 bytes)
[    0.000000] Memory: 1517904K/1572408K available (8452K kernel code, 1293K rwdata, 3980K rodata, 1488K init, 1316K bss, 54504K reserved, 0K cma-reserved)
[    0.000000] SLUB: HWalign=64, Order=0-3, MinObjects=0, CPUs=2, Nodes=1
[    0.000000] Hierarchical RCU implementation.
[    0.000000] 	Build-time adjustment of leaf fanout to 64.
[    0.000000] 	RCU restricting CPUs from NR_CPUS=512 to nr_cpu_ids=2.
[    0.000000] RCU: Adjusting geometry for rcu_fanout_leaf=64, nr_cpu_ids=2
[    0.000000] NR_IRQS:33024 nr_irqs:440 16
[    0.000000] Console: colour VGA+ 80x25
[    0.000000] console [tty1] enabled
[    0.000000] console [ttyS0] enabled
[    0.000000] tsc: Detected 2494.240 MHz processor
[   16.226166] Calibrating delay loop (skipped) preset value.. 4988.48 BogoMIPS (lpj=9976960)
[   16.489963] pid_max: default: 32768 minimum: 301
[   16.644896] ACPI: Core revision 20150930
[   16.771269] ACPI: 2 ACPI AML tables successfully acquired and loaded
[   16.948295] Security Framework initialized
[   17.088332] Yama: becoming mindful.
[   17.199855] AppArmor: AppArmor initialized
[   17.328922] Dentry cache hash table entries: 262144 (order: 9, 2097152 bytes)
[   17.362262] Inode-cache hash table entries: 131072 (order: 8, 1048576 bytes)
[   17.363374] Mount-cache hash table entries: 4096 (order: 3, 32768 bytes)
[   17.500261] Mountpoint-cache hash table entries: 4096 (order: 3, 32768 bytes)
[   17.502118] Initializing cgroup subsys io
[   17.502750] Initializing cgroup subsys memory
[   17.503450] Initializing cgroup subsys devices
[   17.504119] Initializing cgroup subsys freezer
[   17.504779] Initializing cgroup subsys net_cls
[   17.505482] Initializing cgroup subsys perf_event
[   17.506208] Initializing cgroup subsys net_prio
[   17.506878] Initializing cgroup subsys hugetlb
[   17.507601] Initializing cgroup subsys pids
[   17.508302] CPU: Physical Processor ID: 0
[   17.508938] CPU: Processor Core ID: 0
[   17.510303] mce: CPU supports 0 MCE banks
[   17.511002] Last level iTLB entries: 4KB 1024, 2MB 1024, 4MB 1024
[   17.511921] Last level dTLB entries: 4KB 1024, 2MB 1024, 4MB 1024, 1GB 4
[   17.514433] Freeing SMP alternatives memory: 32K (ffffffff820b9000 - ffffffff820c1000)
[   17.522533] ftrace: allocating 32123 entries in 126 pages
[   17.557840] smpboot: APIC(0) Converting physical 0 to logical package 0
[   17.560574] smpboot: Max logical packages: 1
[   17.563251] x2apic enabled
[   17.563960] Switched APIC routing to physical x2apic.
[   17.565627] ..TIMER: vector=0x30 apic1=0 pin1=2 apic2=-1 pin2=-1
[   17.671372] smpboot: CPU0: Intel(R) Core(TM) i7-4710HQ CPU @ 2.50GHz (family: 0x6, model: 0x3c, stepping: 0x3)
[   17.977887] Performance Events: unsupported p6 CPU model 60 no PMU driver, software events only.
[   18.268794] KVM setup paravirtual spinlock
[   18.407836] x86: Booting SMP configuration:
[   18.536341] .... node  #0, CPUs:      #1
[   18.653827] kvm-clock: cpu 1, msr 0:5ffe3041, secondary cpu clock
[   18.836819] mce: CPU supports 0 MCE banks
[   18.897917] x86: Booted up 1 node, 2 CPUs
[   19.020015] smpboot: Total of 2 processors activated (9976.96 BogoMIPS)
[   19.234949] devtmpfs: initialized
[   19.310753] evm: security.selinux
[   19.319025] evm: security.SMACK64
[   19.402821] evm: security.SMACK64EXEC
[   19.522906] evm: security.SMACK64TRANSMUTE
[   19.666485] evm: security.SMACK64MMAP
[   19.785592] evm: security.ima
[   19.882642] evm: security.capability
[   19.996552] clocksource: jiffies: mask: 0xffffffff max_cycles: 0xffffffff, max_idle_ns: 7645041785100000 ns
[   20.012932] pinctrl core: initialized pinctrl subsystem
[   20.013800] RTC time: 10:40:15, date: 04/08/17
[   20.014646] NET: Registered protocol family 16
[   20.024237] cpuidle: using governor ladder
[   20.037056] cpuidle: using governor menu
[   20.047312] PCCT header not found.
[   20.052086] ACPI: bus type PCI registered
[   20.054262] acpiphp: ACPI Hot Plug PCI Controller Driver version: 0.5
[   20.057575] PCI: Using configuration type 1 for base access
[   20.243739] ACPI: Added _OSI(Module Device)
[   20.371643] ACPI: Added _OSI(Processor Device)
[   20.512200] ACPI: Added _OSI(3.0 _SCP Extensions)
[   20.647300] ACPI: Added _OSI(Processor Aggregator Device)
[   20.818546] ACPI: Executed 1 blocks of module-level executable AML code
[   21.010786] ACPI: Interpreter enabled
[   21.050838] ACPI: (supports S0 S5)
[   21.147141] ACPI: Using IOAPIC for interrupt routing
[   21.305085] PCI: Using host bridge windows from ACPI; if necessary, use "pci=nocrs" and report a bug
[   21.594092] ACPI: PCI Root Bridge [PCI0] (domain 0000 [bus 00-ff])
[   21.780189] acpi PNP0A03:00: _OSC: OS supports [ASPM ClockPM Segments MSI]
[   21.981841] acpi PNP0A03:00: _OSC failed (AE_NOT_FOUND); disabling ASPM
[   22.156330] acpi PNP0A03:00: fail to add MMCONFIG information, can't access extended PCI configuration space under this bridge.
[   22.521634] PCI host bridge to bus 0000:00
[   22.653099] pci_bus 0000:00: root bus resource [io  0x0000-0x0cf7 window]
[   22.855778] pci_bus 0000:00: root bus resource [io  0x0d00-0xffff window]
[   23.054521] pci_bus 0000:00: root bus resource [mem 0x000a0000-0x000bffff window]
[   23.291448] pci_bus 0000:00: root bus resource [mem 0x60000000-0xffdfffff window]
[   23.543106] pci_bus 0000:00: root bus resource [bus 00-ff]
[   23.707317] pci 0000:00:01.1: legacy IDE quirk: reg 0x10: [io  0x01f0-0x01f7]
[   23.931707] pci 0000:00:01.1: legacy IDE quirk: reg 0x14: [io  0x03f6]
[   24.140346] pci 0000:00:01.1: legacy IDE quirk: reg 0x18: [io  0x0170-0x0177]
[   24.324499] pci 0000:00:01.1: legacy IDE quirk: reg 0x1c: [io  0x0376]
[   24.559276] pci 0000:00:07.0: quirk: [io  0x4000-0x403f] claimed by PIIX4 ACPI
[   24.823134] pci 0000:00:07.0: quirk: [io  0x4100-0x410f] claimed by PIIX4 SMB
[   25.058406] ACPI: PCI Interrupt Link [LNKA] (IRQs 5 9 10 *11)
[   25.208837] ACPI: PCI Interrupt Link [LNKB] (IRQs 5 9 10 *11)
[   25.319431] ACPI: PCI Interrupt Link [LNKC] (IRQs 5 9 *10 11)
[   25.323410] ACPI: PCI Interrupt Link [LNKD] (IRQs 5 *9 10 11)
[   25.324634] ACPI: Enabled 2 GPEs in block 00 to 07
[   25.325674] vgaarb: setting as boot device: PCI:0000:00:02.0
[   25.331773] vgaarb: device added: PCI:0000:00:02.0,decodes=io+mem,owns=io+mem,locks=none
[   25.333007] vgaarb: loaded
[   25.333491] vgaarb: bridge control possible 0000:00:02.0
[   25.334451] SCSI subsystem initialized
[   25.335177] ACPI: bus type USB registered
[   25.338484] usbcore: registered new interface driver usbfs
[   25.355823] usbcore: registered new interface driver hub
[   25.357785] usbcore: registered new device driver usb
[   25.358714] PCI: Using ACPI for IRQ routing
[   25.359566] NetLabel: Initializing
[   25.360146] NetLabel:  domain hash size = 128
[   25.360811] NetLabel:  protocols = UNLABELED CIPSOv4
[   25.361559] NetLabel:  unlabeled traffic allowed by default
[   25.366153] amd_nb: Cannot enumerate AMD northbridges
[   25.366976] clocksource: Switched to clocksource kvm-clock
[   25.373375] AppArmor: AppArmor Filesystem Enabled
[   25.539593] pnp: PnP ACPI init
[   25.644676] pnp: PnP ACPI: found 3 devices
[   25.786850] clocksource: acpi_pm: mask: 0xffffff max_cycles: 0xffffff, max_idle_ns: 2085701024 ns
[   26.107418] NET: Registered protocol family 2
[   26.250260] TCP established hash table entries: 16384 (order: 5, 131072 bytes)
[   26.485604] TCP bind hash table entries: 16384 (order: 6, 262144 bytes)
[   26.703563] TCP: Hash tables configured (established 16384 bind 16384)
[   26.929710] UDP hash table entries: 1024 (order: 3, 32768 bytes)
[   27.121939] UDP-Lite hash table entries: 1024 (order: 3, 32768 bytes)
[   27.331624] NET: Registered protocol family 1
[   27.471191] pci 0000:00:00.0: Limiting direct PCI/PCI transfers
[   27.673889] pci 0000:00:01.0: Activating ISA DMA hang workarounds
[   27.880616] Trying to unpack rootfs image as initramfs...
[   29.507939] Freeing initrd memory: 10768K (ffff880036ae8000 - ffff88003756c000)
[   29.749223] RAPL PMU detected, API unit is 2^-32 Joules, 4 fixed counters 10737418240 ms ovfl timer
[   30.055906] hw unit of domain pp0-core 2^-0 Joules
[   30.218251] hw unit of domain package 2^-0 Joules
[   30.373463] hw unit of domain dram 2^-0 Joules
[   30.510064] hw unit of domain pp1-gpu 2^-0 Joules
[   30.657274] platform rtc_cmos: registered platform RTC device (no PNP device found)
[   30.909722] Scanning for low memory corruption every 60 seconds
[   31.109431] futex hash table entries: 512 (order: 3, 32768 bytes)
[   31.298186] audit: initializing netlink subsys (disabled)
[   31.477459] audit: type=2000 audit(1491648007.705:1): initialized
[   31.650715] Initialise system trusted keyring
[   31.794483] tsc: Refined TSC clocksource calibration: 2493.556 MHz
[   32.000173] clocksource: tsc: mask: 0xffffffffffffffff max_cycles: 0x23f1725684e, max_idle_ns: 440795227326 ns
ÿ[   32.000362] HugeTLB registered 2 MB page size, pre-allocated 0 pages
[   32.001505] zbud: loaded
[   32.001641] VFS: Disk quotas dquot_6.6.0
[   32.001665] VFS: Dquot-cache hash table entries: 512 (order 0, 4096 bytes)
[   32.001869] squashfs: version 4.0 (2009/01/31) Phillip Lougher
[   32.002033] fuse init (API version 7.23)
[   32.002119] Key type big_key registered
[   32.002132] Allocating IMA MOK and blacklist keyrings.
[   32.002290] Key type asymmetric registered
[   32.002291] Asymmetric key parser 'x509' registered
[   32.002319] Block layer SCSI generic (bsg) driver version 0.4 loaded (major 249)
[   32.002333] io scheduler noop registered
[   32.002334] io scheduler deadline registered (default)
[   32.002356] io scheduler cfq registered
[   32.002435] pci_hotplug: PCI Hot Plug PCI Core version: 0.5
[   32.002440] pciehp: PCI Express Hot Plug Controller Driver version: 0.4
[   32.002546] ACPI: AC Adapter [AC] (on-line)
[   32.002588] input: Power Button as /devices/LNXSYSTM:00/LNXPWRBN:00/input/input0
[   32.002590] ACPI: Power Button [PWRF]
[   32.002641] input: Sleep Button as /devices/LNXSYSTM:00/LNXSLPBN:00/input/input1
[   32.002642] ACPI: Sleep Button [SLPF]
[   32.002742] GHES: HEST is not enabled!
[   32.003315] ACPI: Battery Slot [BAT0] (battery present)
[   32.003346] Serial: 8250/16550 driver, 32 ports, IRQ sharing enabled
[   32.345716] 00:02: ttyS0 at I/O 0x3f8 (irq = 4, base_baud = 115200) is a 16550A
[   32.563793] Linux agpgart interface v0.103
[   32.617042] brd: module loaded
[   32.618073] loop: module loaded
[   32.618704] scsi host0: ata_piix
[   32.618776] scsi host1: ata_piix
[   32.618817] ata1: PATA max UDMA/33 cmd 0x1f0 ctl 0x3f6 bmdma 0xd000 irq 14
[   32.618818] ata2: PATA max UDMA/33 cmd 0x170 ctl 0x376 bmdma 0xd008 irq 15
[   32.618905] libphy: Fixed MDIO Bus: probed
[   32.618907] tun: Universal TUN/TAP device driver, 1.6
[   32.618908] tun: (C) 1999-2004 Max Krasnyansky <maxk@qualcomm.com>
[   32.619253] PPP generic driver version 2.4.2
[   32.619315] ehci_hcd: USB 2.0 'Enhanced' Host Controller (EHCI) Driver
[   32.619319] ehci-pci: EHCI PCI platform driver
[   32.619328] ehci-platform: EHCI generic platform driver
[   32.619337] ohci_hcd: USB 1.1 'Open' Host Controller (OHCI) Driver
[   32.619340] ohci-pci: OHCI PCI platform driver
[   32.619349] ohci-platform: OHCI generic platform driver
[   32.619357] uhci_hcd: USB Universal Host Controller Interface driver
[   32.619418] i8042: PNP: PS/2 Controller [PNP0303:PS2K,PNP0f03:PS2M] at 0x60,0x64 irq 1,12
[   32.684804] serio: i8042 KBD port at 0x60,0x64 irq 1
[   32.684809] serio: i8042 AUX port at 0x60,0x64 irq 12
[   32.684922] mousedev: PS/2 mouse device common for all mice
[   32.685169] rtc_cmos rtc_cmos: rtc core: registered rtc_cmos as rtc0
[   32.685216] rtc_cmos rtc_cmos: alarms up to one day, 114 bytes nvram
[   32.685222] i2c /dev entries driver
[   32.685277] device-mapper: uevent: version 1.0.3
[   32.685318] device-mapper: ioctl: 4.34.0-ioctl (2015-10-28) initialised: dm-devel@redhat.com
[   32.685337] ledtrig-cpu: registered to indicate activity on CPUs
[   32.685545] NET: Registered protocol family 10
[   32.685650] NET: Registered protocol family 17
[   32.685657] Key type dns_resolver registered
[   32.698666] microcode: CPU0 sig=0x306c3, pf=0x40, revision=0x0
[   32.698707] microcode: CPU1 sig=0x306c3, pf=0x40, revision=0x0
[   32.698740] microcode: Microcode Update Driver: v2.01 <tigran@aivazian.fsnet.co.uk>, Peter Oruba
[   32.698864] registered taskstats version 1
[   32.698876] Loading compiled-in X.509 certificates
[   32.699460] Loaded X.509 cert 'Build time autogenerated kernel key: 32ca4feee90b5cde51f5f8c0e024b22f8c679982'
[   32.699474] zswap: loaded using pool lzo/zbud
[   32.700800] Key type trusted registered
[   32.702792] Key type encrypted registered
[   32.702796] AppArmor: AppArmor sha1 policy hashing enabled
[   32.702798] ima: No TPM chip found, activating TPM-bypass!
[   32.702812] evm: HMAC attrs: 0x1
[   32.703059]   Magic number: 13:778:678
[   32.703496] rtc_cmos rtc_cmos: setting system clock to 2017-04-08 10:40:28 UTC (1491648028)
[   32.703572] BIOS EDD facility v0.16 2004-Jun-25, 0 devices found
[   32.703573] EDD information not available.
[   32.703662] input: AT Translated Set 2 keyboard as /devices/platform/i8042/serio0/input/input2
[   40.581864] Freeing unused kernel memory: 1488K (ffffffff81f45000 - ffffffff820b9000)
[   40.852685] Write protecting the kernel read-only data: 14336k
[   41.036587] Freeing unused kernel memory: 1776K (ffff880001844000 - ffff880001a00000)
[   41.148202] Freeing unused kernel memory: 116K (ffff880001de3000 - ffff880001e00000)
Loading, please wait...
[   41.418772] random: systemd-udevd: uninitialized urandom read (16 bytes read, 3 bits of entropy available)
starting version[   41.419234] random: udevadm: uninitialized urandom read (16 bytes read, 3 bits of entropy available)
 229
[   41.419260] random: udevadm: uninitialized urandom read (16 bytes read, 3 bits of entropy available)
[   41.419343] random: udevadm: uninitialized urandom read (16 bytes read, 3 bits of entropy available)
[   41.419373] random: udevadm: uninitialized urandom read (16 bytes read, 3 bits of entropy available)
[   41.419402] random: udevadm: uninitialized urandom read (16 bytes read, 3 bits of entropy available)
[   41.419430] random: udevadm: uninitialized urandom read (16 bytes read, 3 bits of entropy available)
[   41.419459] random: udevadm: uninitialized urandom read (16 bytes read, 3 bits of entropy available)
[   41.419485] random: udevadm: uninitialized urandom read (16 bytes read, 3 bits of entropy available)
[   41.419565] random: udevadm: uninitialized urandom read (16 bytes read, 3 bits of entropy available)
[   43.868494] e1000: Intel(R) PRO/1000 Network Driver - version 7.3.21-k8-NAPI
[   44.092832] e1000: Copyright (c) 1999-2006 Intel Corporation.
[   44.254356] Fusion MPT base driver 3.04.20
[   44.363947] Copyright (c) 1999-2008 LSI Corporation
[   44.514710] Fusion MPT SPI Host driver 3.04.20
[   44.673355] AVX version of gcm_enc/dec engaged.
[   44.780930] AES CTR mode by8 optimization enabled
[   44.918294] input: ImExPS/2 Generic Explorer Mouse as /devices/platform/i8042/serio1/input/input4
[   45.218360] e1000 0000:00:03.0 eth0: (PCI:33MHz:32-bit) 02:1b:66:ab:e9:71
[   45.411345] e1000 0000:00:03.0 eth0: Intel(R) PRO/1000 Network Connection
[   45.644694] e1000 0000:00:03.0 enp0s3: renamed from eth0
[   45.651266] mptbase: ioc0: Initiating bringup
[   45.715363] ioc0: LSI53C1030 A0: Capabilities={Initiator}
[   46.151617] scsi host2: ioc0: LSI53C1030 A0, FwRev=00000000h, Ports=1, MaxQ=256, IRQ=20
[   46.276305] scsi 2:0:0:0: Direct-Access     VBOX     HARDDISK         1.0  PQ: 0 ANSI: 5
[   46.358970] scsi target2:0:0: Beginning Domain Validation
[   46.503087] scsi target2:0:0: Domain Validation skipping write tests
[   46.505407] scsi target2:0:0: Ending Domain Validation
[   46.506230] scsi target2:0:0: asynchronous
[   46.507214] scsi 2:0:1:0: Direct-Access     VBOX     HARDDISK         1.0  PQ: 0 ANSI: 5
[   46.508470] scsi target2:0:1: Beginning Domain Validation
[   46.515553] scsi target2:0:1: Domain Validation skipping write tests
[   46.517778] scsi target2:0:1: Ending Domain Validation
[   46.518611] scsi target2:0:1: asynchronous
[   46.524480] sd 2:0:0:0: [sda] 20971520 512-byte logical blocks: (10.7 GB/10.0 GiB)
[   46.527968] sd 2:0:0:0: Attached scsi generic sg0 type 0
[   46.716165] sd 2:0:0:0: [sda] Write Protect is off
[   46.897970] sd 2:0:1:0: [sdb] 20480 512-byte logical blocks: (10.5 MB/10.0 MiB)
[   47.159565] sd 2:0:1:0: Attached scsi generic sg1 type 0
[   47.159762] sd 2:0:0:0: [sda] Incomplete mode parameter data
[   47.159763] sd 2:0:0:0: [sda] Assuming drive cache: write through
[   47.159859] sd 2:0:1:0: [sdb] Write Protect is off
[   47.160039] sd 2:0:1:0: [sdb] Incomplete mode parameter data
[   47.160039] sd 2:0:1:0: [sdb] Assuming drive cache: write through
[   47.256233] floppy0: no floppy controllers found
[   47.256263] work still pending
[   47.385994]  sda: sda1
[   47.386899] sd 2:0:0:0: [sda] Attached SCSI disk
[   47.411321] sd 2:0:1:0: [sdb] Attached SCSI disk
Begin: Loading e[   50.334538] md: linear personality registered for level -1
ssential drivers[   50.558728] md: multipath personality registered for level -4
 ... [   50.660649] md: raid0 personality registered for level 0
[   50.828294] md: raid1 personality registered for level 1
[   51.091250] raid6: sse2x1   gen() 10574 MB/s
[   51.279379] raid6: sse2x1   xor()  8232 MB/s
[   51.487039] raid6: sse2x2   gen() 13424 MB/s
[   51.695170] raid6: sse2x2   xor()  8959 MB/s
[   51.779252] raid6: sse2x4   gen() 13792 MB/s
[   51.991399] raid6: sse2x4   xor() 10874 MB/s
[   52.135330] raid6: using algorithm sse2x4 gen() 13792 MB/s
[   52.316960] raid6: .... xor() 10874 MB/s, rmw enabled
[   52.479785] raid6: using ssse3x2 recovery algorithm
[   52.635333] xor: automatically using best checksumming function:
[   52.843034]    avx       : 20839.000 MB/sec
[   52.987348] async_tx: api initialized (async)
[   53.122406] md: raid6 personality registered for level 6
[   53.285224] md: raid5 personality registered for level 5
[   53.459369] md: raid4 personality registered for level 4
[   53.627785] md: raid10 personality registered for level 10
done.
Begin: Running /scripts/init-p[   53.829547] Btrfs loaded
remount ... done.
Begin: Mounting root file system ... Begin: Running /scripts/local-top ... done.
Begin: Running /scripts/local-premount ... Scanning for Btrfs filesystems
done.
Warning: fsck not present, so skipping root file[   54.058905] EXT4-fs (sda1): mounted filesystem with ordered data mode. Opts: (null)
 system
done.
Begin: Running /scripts/local-bottom ... done.
Begin: Running /scripts/init-bottom ... done.
[   54.730100] random: nonblocking pool is initialized
[   55.654332] systemd[1]: systemd 229 running in system mode. (+PAM +AUDIT +SELINUX +IMA +APPARMOR +SMACK +SYSVINIT +UTMP +LIBCRYPTSETUP +GCRYPT +GNUTLS +ACL +XZ -LZ4 +SECCOMP +BLKID +ELFUTILS +KMOD -IDN)
[   56.104651] systemd[1]: Detected virtualization oracle.
[   56.276059] systemd[1]: Detected architecture x86-64.

Welcome to [1mUbuntu 16.04.2 LTS[0m!

[   56.553612] systemd[1]: Set hostname to <ubuntu-xenial>.
[   58.480811] systemd[1]: Created slice User and Session Slice.
[[0;32m  OK  [0m] Created slice User and Session Slice.
[   58.759677] systemd[1]: Listening on Journal Socket.
[[0;32m  OK  [0m] Listening on Journal Socket.
[   59.000208] systemd[1]: Started Forward Password Requests to Wall Directory Watch.
[[0;32m  OK  [0m] Started Forward Password Requests to Wall Directory Watch.
[   59.319370] systemd[1]: Listening on Journal Audit Socket.
[[0;32m  OK  [0m] Listening on Journal Audit Socket.
[   59.563713] systemd[1]: Listening on /dev/initctl Compatibility Named Pipe.
[[0;32m  OK  [0m] Listening on /dev/initctl Compatibility Named Pipe.
[   59.892392] systemd[1]: Created slice System Slice.
[[0;32m  OK  [0m] Created slice System Slice.
[   60.123588] systemd[1]: Created slice system-postgresql.slice.
[[0;32m  OK  [0m] Created slice system-postgresql.slice.
[   60.396241] systemd[1]: Starting Create list of required static device nodes for the current kernel...
         Starting Create list of required st... nodes for the current kernel...
[   60.780198] systemd[1]: Starting Uncomplicated firewall...
         Starting Uncomplicated firewall...
[   61.043440] systemd[1]: Mounting POSIX Message Queue File System...
         Mounting POSIX Message Queue File System...
[   61.315632] systemd[1]: Reached target Swap.
[[0;32m  OK  [0m] Reached target Swap.
[   61.440195] systemd[1]: Listening on LVM2 poll daemon socket.
[[0;32m  OK  [0m] Listening on LVM2 poll daemon socket.
[   61.675270] systemd[1]: Reached target Encrypted Volumes.
[[0;32m  OK  [0m] Reached target Encrypted Volumes.
[   61.928098] systemd[1]: Set up automount Arbitrary Executable File Formats File System Automount Point.
[[0;32m  OK  [0m] Set up automount Arbitrary Executab...ats File System Automount Point.
[   62.343623] systemd[1]: Listening on LVM2 metadata daemon socket.
[[0;32m  OK  [0m] Listening on LVM2 metadata daemon socket.
[   62.503218] systemd[1]: Reached target Slices.
[[0;32m  OK  [0m] Reached target Slices.
[   62.736049] systemd[1]: Starting Nameserver information manager...
         Starting Nameserver information manager...
[   63.039938] systemd[1]: Starting Remount Root and Kernel File Systems...
[   63.108983] EXT4-fs (sda1): re-mounted. Opts: (null)
         Starting Remount Root and Kernel File Systems...
[   63.479299] systemd[1]: Starting Set console keymap...
         Starting Set console keymap...
[   63.619402] systemd[1]: Starting Load Kernel Modules...
         Startin[   63.790826] Loading iSCSI transport class v2.0-870.
g Load Kernel Modules...
[   63.991673] systemd[1]: Listening on Syslog Socket.
[[0;32m  OK  [[   64.000234] iscsi: registered transport (tcp)
0m] Listening on Syslog Socket.
[   64.184376] systemd[1]: Created slice system-serial\x2dgetty.slice.
[[0;32m  OK  [0m] Created slice system-serial\x2dgetty.slice.[   64.386866] iscsi: registered transport (iser)

[   64.561726] systemd[1]: Reached target User and Group Name Lookups.
[[0;32m  OK  [0m] Reached target User and Group Name Lookups.
[   64.660144] systemd[1]: Listening on udev Control Socket.
[[0;32m  OK  [0m] Listening on udev Control Socket.
[   64.891582] systemd[1]: Listening on udev Kernel Socket.
[[0;32m  OK  [0m] Listening on udev Kernel Socket.
[   65.156052] systemd[1]: Mounting Debug File System...
         Mounting Debug File System...
[   65.257363] systemd[1]: Listening on Device-mapper event daemon FIFOs.
[[0;32m  OK  [0m] Listening on Device-mapper event daemon FIFOs.
[   65.259834] systemd[1]: Starting Monitoring of LVM2 mirrors, snapshots etc. using dmeventd or progress polling...
         Starting Monitoring of LVM2 mirrors... dmeventd or progress polling...
[   65.424340] systemd[1]: Mounting Huge Pages File System...
         Mounting Huge Pages File System...
[   65.675548] systemd[1]: Listening on Journal Socket (/dev/log).
[[0;32m  OK  [0m] Listening on Journal Socket (/dev/log).
[   65.887323] systemd[1]: Starting Journal Service...
         Starting Journal Service...
[   65.892279] systemd[1]: Mounted POSIX Message Queue File System.
[[0;32m  OK  [0m] Mounted POSIX Message Queue File System.
[   65.894032] systemd[1]: Mounted Debug File System.
[[0;32m  OK  [0m] Mounted Debug File System.
[   65.895553] systemd[1]: Mounted Huge Pages File System.
[[0;32m  OK  [0m] Mounted Huge Pages File System.
[   65.897552] systemd[1]: Started Create list of required static device nodes for the current kernel.
[[0;32m  OK  [0m] Started Create list of required sta...ce nodes for the current kernel.
[   65.900507] systemd[1]: Started Uncomplicated firewall.
[[0;32m  OK  [0m] Started Uncomplicated firewall.
[   65.902750] systemd[1]: Started Remount Root and Kernel File Systems.
[[0;32m  OK  [0m] Started Remount Root and Kernel File Systems.
[   65.904949] systemd[1]: Started Set console keymap.
[[0;32m  OK  [0m] Started Set console keymap.
[   65.906775] systemd[1]: Started Load Kernel Modules.
[[0;32m  OK  [0m] Started Load Kernel Modules.
[   65.943896] systemd[1]: Started LVM2 metadata daemon.
[[0;32m  OK  [0m] Started LVM2 metadata daemon.
[   66.164252] systemd[1]: Mounting FUSE Control File System...
         Mounting FUSE Control File System...
[   66.436328] systemd[1]: Starting Apply Kernel Variables...
         Starting Apply Kernel Variables...
         Starting Load/Save Random Seed...
         Starting Initial cloud-init job (pre-networking)...
         Starting udev Coldplug all Devices...
         Starting Create Static Device Nodes in /dev...
[[0;32m  OK  [0m] Mounted FUSE Control File System.
[[0;32m  OK  [0m] Started Journal Service.
[[0;32m  OK  [0m] Started Monitoring of LVM2 mirrors,...ng dmeventd or progress polling.
[[0;32m  OK  [0m] Started Nameserver information manager.
[[0;32m  OK  [0m] Started Apply Kernel Variables.
[[0;32m  OK  [0m] Started Load/Save Random Seed.
[[0;32m  OK  [0m] Started udev Coldplug all Devices.
         Starting Flush Journal to Persistent Storage...
[[0;32m  OK  [0m] Started Flush Journal to Persistent Storage.
[[0;32m  OK  [0m] Started Create Static Device Nodes in /dev.
         Starting udev Kernel Device Manager...
[[0;32m  OK  [0m] Started udev Kernel Device Manager.
[[0;32m  OK  [0m] Reached target Local File Systems (Pre).
[[0;32m  OK  [0m] Reached target Local File Systems.
         Starting Create Volatile Files and Directories...
         Starting Set console font and keymap...
         Starting LSB: AppArmor initialization...
         Starting Tell Plymouth To Write Out Runtime Data...
[[0;32m  OK  [0m] Started Dispatch Password Requests to Console Directory Watch.
[[0;32m  OK  [0m] Found device /dev/ttyS0.
[[0;32m  OK  [0m] Started Tell Plymouth To Write Out Runtime Data.
[[0;32m  OK  [0m] Started Create Volatile Files and Directories.
         Starting Update UTMP about System Boot/Shutdown...
[[0;32m  OK  [0m] Reached target System Time Synchronized.
[[0;32m  OK  [0m] Started Set console font and keymap.
[[0;32m  OK  [0m] Created slice system-getty.slice.
[[0;32m  OK  [0m] Found device 82540EM Gigabit Ethern...r (PRO/1000 MT Desktop Adapter).
[[0;32m  OK  [0m] Started Update UTMP about System Boot/Shutdown.
[[0;32m  OK  [0m] Started LSB: AppArmor initialization.
[[0;32m  OK  [0m] Listening on Load/Save RF Kill Switch Status /dev/rfkill Watch.
[   51.980192] cloud-init[469]: Cloud-init v. 0.7.9 running 'init-local' at Sat, 08 Apr 2017 10:41:11 +0000. Up 51.01 seconds.
[[0;32m  OK  [0m] Started Initial cloud-init job (pre-networking).
[[0;32m  OK  [0m] Reached target Network (Pre).
         Starting Raise network interfaces...
[[0;32m  OK  [0m] Started ifup for enp0s3.
[[0;32m  OK  [0m] Started Raise network interfaces.
         Starting Initial cloud-init job (metadata service crawler)...
[[0;32m  OK  [0m] Reached target Network.
[   53.793813] cloud-init[1082]: Cloud-init v. 0.7.9 running 'init' at Sat, 08 Apr 2017 10:41:13 +0000. Up 53.03 seconds.
[   53.925354] cloud-init[1082]: ci-info: +++++++++++++++++++++++++++++++++++++Net device info++++++++++++++++++++++++++++++++++++++
[   53.926293] cloud-init[1082]: ci-info: +--------+------+----------------------------+---------------+-------+-------------------+
[[0;32m  OK  [0m] Started Initial cloud-init job (metadata service crawler).
[   53.926651] cloud-init[1082]: ci-info: | Device |  Up  |          Address           |      Mask     | Scope |     Hw-Address    |
[   54.404858] cloud-init[1082]: ci-info: +--------+------+----------------------------+---------------+-------+-------------------+
[   54.405905] cloud-init[1082]: ci-info: | enp0s3 | True |         10.0.2.15          | 255.255.255.0 |   .   | 02:1b:66:ab:e9:71 |
[[0;32m  OK  [0m] Reached target Network is Online.
[   54.406325] cloud-init[1082]: ci-info: | enp0s3 | True | fe80::1b:66ff:feab:e971/64 |       .       |  link | 02:1b:66:ab:e9:71 |
[   54.865220] cloud-init[1082]: ci-info: |   lo   | True |         127.0.0.1          |   255.0.0.0   |   .   |         .         |
[   54.865475] cloud-init[1082]: ci-info: |   lo   | True |          ::1/128           |       .       |  host |         .         |
         Starting iSCSI initiator daemon (iscsid)...
[   54.865575] cloud-init[1082]: ci-info: +--------+------+----------------------------+---------------+-------+-------------------+
[   54.995320] cloud-init[1082]: ci-info: +++++++++++++++++++++++++++Route IPv4 info++++++++++++++++++++++++++++
[[0;32m  OK  [0m] Reached target System Initialization.
[   54.995736] cloud-init[1082]: ci-info: +-------+-------------+----------+---------------+-----------+-------+
[   55.428296] cloud-init[1082]: ci-info: | Route | Destination | Gateway  |    Genmask    | Interface | Flags |
[   55.428686] cloud-init[1082]: ci-info: +-------+-------------+----------+---------------+-----------+-------+
         Starting LXD - unix socket.
[   55.428855] cloud-init[1082]: ci-info: |   0   |   0.0.0.0   | 10.0.2.2 |    0.0.0.0    |   enp0s3  |   UG  |
[   55.580506] cloud-init[1082]: ci-info: |   1   |   10.0.2.0  | 0.0.0.0  | 255.255.255.0 |   enp0s3  |   U   |
[[0;32m  OK  [0m] Listening on D-Bus System Message Bus Socket.
[   55.580651] cloud-init[1082]: ci-info: +-------+-------------+----------+---------------+-----------+-------+
[[0;32m  OK  [0m] Started Trigger resolvconf update for networkd DNS.
[[0;32m  OK  [0m] Started Daily apt activities.
[[0;32m  OK  [0m] Listening on ACPID Listen Socket.
[[0;32m  OK  [0m] Listening on UUID daemon activation socket.
[[0;32m  OK  [0m] Started Daily Cleanup of Temporary Directories.
[[0;32m  OK  [0m] Started Timer to automatically refresh installed snaps.
[[0;32m  OK  [0m] Reached target Timers.
         Starting Socket activation for snappy daemon.
[[0;32m  OK  [0m] Started ACPI Events Check.
[[0;32m  OK  [0m] Reached target Paths.
[[0;32m  OK  [0m] Reached target Cloud-config availability.
[[0;32m  OK  [0m] Listening on LXD - unix socket.
[[0;32m  OK  [0m] Listening on Socket activation for snappy daemon.
[[0;32m  OK  [0m] Started iSCSI initiator daemon (iscsid).
         Starting Login to default iSCSI targets...
[[0;32m  OK  [0m] Reached target Sockets.
[[0;32m  OK  [0m] Reached target Basic System.
         Starting LSB: MD monitoring daemon...
[[0;32m  OK  [0m] Started D-Bus System Message Bus.
         Starting System Logging Service...
         Starting Accounts Service...
         Starting LXD - container startup/shutdown...
[[0;32m  OK  [0m] Started Snappy daemon.
         Starting PostgreSQL Cluster 9.6-main...
[[0;32m  OK  [0m] Started FUSE filesystem for LXC.
         Starting OpenBSD Secure Shell server...
         Starting vboxadd-x11.service...
         Starting vboxadd.service...
         Starting Login Service...
         Starting Auto import assertions from block devices...
[[0;32m  OK  [0m] Started ACPI event daemon.
[[0;32m  OK  [0m] Started Deferred execution scheduler.
         Starting LSB: Record successful boot for GRUB...
         Starting /etc/rc.local Compatibility...
         Starting Advanced key-value store...
         Starting Apply the settings specified in cloud-config...
[[0;32m  OK  [0m] Started Regular background program processing daemon.
[[0;32m  OK  [0m] Started System Logging Service.
[[0;32m  OK  [0m] Started vboxadd-x11.service.
[[0;32m  OK  [0m] Started Auto import assertions from block devices.
[[0;32m  OK  [0m] Started /etc/rc.local Compatibility.
[[0;32m  OK  [0m] Started Login Service.
[[0;32m  OK  [0m] Started LSB: Record successful boot for GRUB.
[[0;32m  OK  [0m] Started Login to default iSCSI targets.
[[0;32m  OK  [0m] Reached target Remote File Systems (Pre).
[[0;32m  OK  [0m] Reached target Remote File Systems.
         Starting Permit User Sessions...
         Starting LSB: Start/stop sysstat's sadc...
         Starting LSB: automatic crash report generation...
         Starting LSB: daemon to balance interrupts for SMP systems...
         Starting LSB: Set the CPU Frequency Scaling governor to "ondemand"...
[[0;32m  OK  [0m] Started LSB: MD monitoring daemon.
[[0;32m  OK  [0m] Started Permit User Sessions.
[[0;32m  OK  [0m] Started LSB: Start/stop sysstat's sadc.
[[0;32m  OK  [0m] Started LSB: Set the CPU Frequency Scaling governor to "ondemand".
[[0;32m  OK  [0m] Started OpenBSD Secure Shell server.
         Starting Terminate Plymouth Boot Screen...
         Starting Hold until boot process finishes up...
[[0;32m  OK  [0m] Started LSB: daemon to balance interrupts for SMP systems.
[[0;32m  OK  [0m] Started Advanced key-value store.
[[0;32m  OK  [0m] Started Terminate Plymouth Boot Screen.
[[0;32m  OK  [0m] Started LSB: automatic crash report generation.
[[0;32m  OK  [0m] Started Hold until boot process finishes up.
[[0;32m  OK  [0m] Started Getty on tty1.
         Starting Set console scheme...
[[0;32m  OK  [0m] Started Serial Getty on ttyS0.
[[0;32m  OK  [0m] Reached target Login Prompts.
[[0;32m  OK  [0m] Started Set console scheme.
[[0;32m  OK  [0m] Started vboxadd.service.
         Starting vboxadd-service.service...
[[0;32m  OK  [0m] Started vboxadd-service.service.
         Starting Authenticate and Authorize Users to Run Privileged Tasks...
[   60.843384] cloud-init[1195]: Cloud-init v. 0.7.9 running 'modules:config' at Sat, 08 Apr 2017 10:41:18 +0000. Up 58.07 seconds.
[[0;32m  OK  [0m] Started Apply the settings specified in cloud-config.
[[0;32m  OK  [0m] Started Authenticate and Authorize Users to Run Privileged Tasks.
[[0;32m  OK  [0m] Started Accounts Service.
[[0;32m  OK  [0m] Started LXD - container startup/shutdown.
[[0;32m  OK  [0m] Created slice User Slice of ubuntu.
         Starting User Manager for UID 1000...
[[0;32m  OK  [0m] Started Session 1 of user ubuntu.
[[0;32m  OK  [0m] Started User Manager for UID 1000.

Ubuntu 16.04.2 LTS ubuntu-xenial ttyS0

ubuntu-xenial login: [   67.921268] cloud-init[1546]: Cloud-init v. 0.7.9 running 'modules:final' at Sat, 08 Apr 2017 10:41:28 +0000. Up 67.78 seconds.
[   67.921495] cloud-init[1546]: Cloud-init v. 0.7.9 finished at Sat, 08 Apr 2017 10:41:28 +0000. Datasource DataSourceNoCloud [seed=/dev/sdb][dsmode=net].  Up 67.91 seconds
